-------------------------------------------------------------------------------
Test set: runners.TestRunner
-------------------------------------------------------------------------------
Tests run: 3, Failures: 0, Errors: 1, Skipped: 0, Time elapsed: 46.808 sec <<< FAILURE!
Find temperature of Ahmedabad city on both UI and API and check if the difference is more than the threshold(Compare city temperature between UI and API)  Time elapsed: 19.992 sec  <<< ERROR!
com.ndtv.qa.glue.MatcherException: Temperature Difference more than threshold
	at com.ndtv.qa.glue.Weather_StepDef.check_if_the_difference_is_more_than_a_threshold(Weather_StepDef.java:151)
	at ?.Check if the difference is more than a threshold(file:///E:/Workspace_testVagrant/bdd/./src/test/resource/features/Compare.feature:16)

